<?xml version="1.0" encoding="UTF-8"?>
<!-- Generated by org.testng.reporters.JUnitReportReporter -->
<testsuite hostname="LenovoPC" name="com.example.tests.ContactCreationTests" tests="2" failures="0" timestamp="15 Oct 2015 11:01:59 GMT" time="3.663" errors="0">
  <testcase name="testEmptyContactCreation" time="1.820" classname="com.example.tests.ContactCreationTests"/>
  <testcase name="testNonEmptyContactCreation" time="1.843" classname="com.example.tests.ContactCreationTests"/>
</testsuite> <!-- com.example.tests.ContactCreationTests -->
