<?xml version="1.0" encoding="UTF-8"?>
<!-- Generated by org.testng.reporters.JUnitReportReporter -->
<testsuite hostname="LenovoPC" name="com.example.tests.GroupCreationTests" tests="2" failures="0" timestamp="14 Oct 2015 14:07:39 GMT" time="2.322" errors="0">
  <testcase name="testEmptyGroupCreation" time="1.377" classname="com.example.tests.GroupCreationTests"/>
  <testcase name="testNonEmptyGroupCreation" time="0.945" classname="com.example.tests.GroupCreationTests"/>
</testsuite> <!-- com.example.tests.GroupCreationTests -->
