<?xml version="1.0" encoding="UTF-8"?>
<!-- Generated by org.testng.reporters.JUnitReportReporter -->
<testsuite hostname="LenovoPC" name="com.example.tests.GroupCreationTests" tests="2" failures="0" timestamp="15 Oct 2015 11:01:59 GMT" time="2.054" errors="0">
  <testcase name="testEmptyGroupCreation" time="1.090" classname="com.example.tests.GroupCreationTests"/>
  <testcase name="testNonEmptyGroupCreation" time="0.964" classname="com.example.tests.GroupCreationTests"/>
</testsuite> <!-- com.example.tests.GroupCreationTests -->
